        -:    0:Source:C:/Users/zerik/CLionProjects/Lesson1/main.cpp
        -:    0:Graph:C:\Users\zerik\CLionProjects\Lesson1\cmake-build-debug-coverage\CMakeFiles\Lesson1.dir\main.cpp.gcno
        -:    0:Data:C:\Users\zerik\CLionProjects\Lesson1\cmake-build-debug-coverage\CMakeFiles\Lesson1.dir\main.cpp.gcda
        -:    0:Runs:1
        -:    0:Programs:1
        -:    1:#include <iostream>
        -:    2:
        1:    3:int main() {
        -:    4:
        1:    5:    std::cout << "Привет мир!" << std::endl;
        1:    5-block  0
        1:    6:    return 0;
        -:    7:}
